<?xml version="1.0" encoding="UTF-8"?>
<testsuite xmlns:xsi="http://www.w3.org/2001/XMLSchema-instance" xsi:noNamespaceSchemaLocation="https://maven.apache.org/surefire/maven-surefire-plugin/xsd/surefire-test-report.xsd" name="io.netty.util.internal.TypeParameterMatcherTest" time="0" tests="9" errors="0" skipped="0" failures="0">
  <properties>
[...]
</properties>
  <testcase name="testErasure" classname="io.netty.util.internal.TypeParameterMatcherTest" time="0"/>
  <testcase name="testAnonymousClass" classname="io.netty.util.internal.TypeParameterMatcherTest" time="0"/>
  <testcase name="testUnsolvedParameter" classname="io.netty.util.internal.TypeParameterMatcherTest" time="0"/>
  <testcase name="testArrayAsTypeParam" classname="io.netty.util.internal.TypeParameterMatcherTest" time="0"/>
  <testcase name="testAbstractClass" classname="io.netty.util.internal.TypeParameterMatcherTest" time="0"/>
  <testcase name="testInnerClass" classname="io.netty.util.internal.TypeParameterMatcherTest" time="0"/>
  <testcase name="testConcreteClass" classname="io.netty.util.internal.TypeParameterMatcherTest" time="0"/>
  <testcase name="testRawType" classname="io.netty.util.internal.TypeParameterMatcherTest" time="0"/>
  <testcase name="testInaccessibleClass" classname="io.netty.util.internal.TypeParameterMatcherTest" time="0"/>
</testsuite>